0 info it worked if it ends with ok
1 verbose cli [ '/home/fyquah/.nvm/v0.10.31/bin/node',
1 verbose cli   '/home/fyquah/.nvm/v0.10.31/bin/npm',
1 verbose cli   'start' ]
2 info using npm@1.4.23
3 info using node@v0.10.31
4 verbose run-script [ 'prestart', 'start', 'poststart' ]
5 info prestart blockchain-certificate@0.0.1
6 info start blockchain-certificate@0.0.1
7 verbose unsafe-perm in lifecycle true
8 info blockchain-certificate@0.0.1 Failed to exec start script
9 error blockchain-certificate@0.0.1 start: `./bin/blockchain-certificate`
9 error Exit status 1
10 error Failed at the blockchain-certificate@0.0.1 start script.
10 error This is most likely a problem with the blockchain-certificate package,
10 error not with npm itself.
10 error Tell the author that this fails on your system:
10 error     ./bin/blockchain-certificate
10 error You can get their info via:
10 error     npm owner ls blockchain-certificate
10 error There is likely additional logging output above.
11 error System Linux 3.13.0-37-generic
12 error command "/home/fyquah/.nvm/v0.10.31/bin/node" "/home/fyquah/.nvm/v0.10.31/bin/npm" "start"
13 error cwd /home/fyquah/blockchain-certificate
14 error node -v v0.10.31
15 error npm -v 1.4.23
16 error code ELIFECYCLE
17 verbose exit [ 1, true ]
